Copyright 1986-2017 Xilinx, Inc. All Rights Reserved.
-------------------------------------------------------------------------------------------------------------------------------------------------
| Tool Version     : Vivado v.2017.4 (win64) Build 2086221 Fri Dec 15 20:55:39 MST 2017
| Date             : Sat Feb 17 06:53:27 2018
| Host             : ryzenbox running 64-bit major release  (build 9200)
| Command          : report_power -file cadr_unit_power_routed.rpt -pb cadr_unit_power_summary_routed.pb -rpx cadr_unit_power_routed.rpx
| Design           : cadr_unit
| Device           : xc7z020clg400-1
| Design State     : routed
| Grade            : commercial
| Process          : typical
| Characterization : Production
-------------------------------------------------------------------------------------------------------------------------------------------------

Power Report

Table of Contents
-----------------
1. Summary
1.1 On-Chip Components
1.2 Power Supply Summary
1.3 Confidence Level
2. Settings
2.1 Environment
2.2 Clock Constraints
3. Detailed Reports
3.1 By Hierarchy

1. Summary
----------

+--------------------------+----------------------------------+
| Total On-Chip Power (W)  | 48.437 (Junction temp exceeded!) |
| Design Power Budget (W)  | Unspecified*                     |
| Power Budget Margin (W)  | NA                               |
| Dynamic (W)              | 47.289                           |
| Device Static (W)        | 1.148                            |
| Effective TJA (C/W)      | 11.5                             |
| Max Ambient (C)          | 0.0                              |
| Junction Temperature (C) | 125.0                            |
| Confidence Level         | Low                              |
| Setting File             | ---                              |
| Simulation Activity File | ---                              |
| Design Nets Matched      | NA                               |
+--------------------------+----------------------------------+
* Specify Design Power Budget using, set_operating_conditions -design_power_budget <value in Watts>


1.1 On-Chip Components
----------------------

+-------------------------+-----------+----------+-----------+-----------------+
| On-Chip                 | Power (W) | Used     | Available | Utilization (%) |
+-------------------------+-----------+----------+-----------+-----------------+
| Slice Logic             |     7.243 |     5147 |       --- |             --- |
|   LUT as Logic          |     6.830 |     2676 |     53200 |            5.03 |
|   CARRY4                |     0.211 |       99 |     13300 |            0.74 |
|   Register              |     0.109 |     1779 |    106400 |            1.67 |
|   BUFG                  |     0.058 |        3 |        32 |            9.38 |
|   F7/F8 Muxes           |     0.034 |       67 |     53200 |            0.13 |
|   LUT as Shift Register |    <0.001 |        1 |     17400 |           <0.01 |
|   Others                |     0.000 |       97 |       --- |             --- |
| Signals                 |    11.136 |     4488 |       --- |             --- |
| Block RAM               |    25.814 |     62.5 |       140 |           44.64 |
| I/O                     |     3.097 |       21 |       125 |           16.80 |
| Static Power            |     1.148 |          |           |                 |
| Total                   |    48.437 |          |           |                 |
+-------------------------+-----------+----------+-----------+-----------------+


1.2 Power Supply Summary
------------------------

+-----------+-------------+-----------+-------------+------------+
| Source    | Voltage (V) | Total (A) | Dynamic (A) | Static (A) |
+-----------+-------------+-----------+-------------+------------+
| Vccint    |       1.000 |    42.425 |      42.089 |      0.336 |
| Vccaux    |       1.800 |     0.349 |       0.249 |      0.100 |
| Vcco33    |       3.300 |     0.000 |       0.000 |      0.000 |
| Vcco25    |       2.500 |     0.000 |       0.000 |      0.000 |
| Vcco18    |       1.800 |     1.443 |       1.442 |      0.001 |
| Vcco15    |       1.500 |     0.000 |       0.000 |      0.000 |
| Vcco135   |       1.350 |     0.000 |       0.000 |      0.000 |
| Vcco12    |       1.200 |     0.000 |       0.000 |      0.000 |
| Vccaux_io |       1.800 |     0.000 |       0.000 |      0.000 |
| Vccbram   |       1.000 |     2.253 |       2.156 |      0.097 |
| MGTAVcc   |       1.000 |     0.000 |       0.000 |      0.000 |
| MGTAVtt   |       1.200 |     0.000 |       0.000 |      0.000 |
| MGTVccaux |       1.800 |     0.000 |       0.000 |      0.000 |
| Vccpint   |       1.000 |     0.473 |       0.000 |      0.473 |
| Vccpaux   |       1.800 |     0.010 |       0.000 |      0.010 |
| Vccpll    |       1.800 |     0.003 |       0.000 |      0.003 |
| Vcco_ddr  |       1.500 |     0.000 |       0.000 |      0.000 |
| Vcco_mio0 |       1.800 |     0.000 |       0.000 |      0.000 |
| Vcco_mio1 |       1.800 |     0.000 |       0.000 |      0.000 |
| Vccadc    |       1.800 |     0.020 |       0.000 |      0.020 |
+-----------+-------------+-----------+-------------+------------+


1.3 Confidence Level
--------------------

+-----------------------------+------------+--------------------------------------------------------+--------------------------------------------------------------------------------------------------------------------+
| User Input Data             | Confidence | Details                                                | Action                                                                                                             |
+-----------------------------+------------+--------------------------------------------------------+--------------------------------------------------------------------------------------------------------------------+
| Design implementation state | High       | Design is routed                                       |                                                                                                                    |
| Clock nodes activity        | Low        | User specified less than 75% of clocks                 | Provide missing clock activity with a constraint file, simulation results or by editing the "By Clock Domain" view |
| I/O nodes activity          | Low        | More than 75% of inputs are missing user specification | Provide missing input activity with simulation results or by editing the "By Resource Type -> I/Os" view           |
| Internal nodes activity     | Medium     | User specified less than 25% of internal nodes         | Provide missing internal nodes activity with simulation results or by editing the "By Resource Type" views         |
| Device models               | High       | Device models are Production                           |                                                                                                                    |
|                             |            |                                                        |                                                                                                                    |
| Overall confidence level    | Low        |                                                        |                                                                                                                    |
+-----------------------------+------------+--------------------------------------------------------+--------------------------------------------------------------------------------------------------------------------+


2. Settings
-----------

2.1 Environment
---------------

+-----------------------+------------------------+
| Ambient Temp (C)      | 25.0                   |
| ThetaJA (C/W)         | 11.5                   |
| Airflow (LFM)         | 250                    |
| Heat Sink             | none                   |
| ThetaSA (C/W)         | 0.0                    |
| Board Selection       | medium (10"x10")       |
| # of Board Layers     | 8to11 (8 to 11 Layers) |
| Board Temperature (C) | 25.0                   |
+-----------------------+------------------------+


2.2 Clock Constraints
---------------------

+-------+--------+-----------------+
| Clock | Domain | Constraint (ns) |
+-------+--------+-----------------+


3. Detailed Reports
-------------------

3.1 By Hierarchy
----------------

+--------------------------------+-----------+
| Name                           | Power (W) |
+--------------------------------+-----------+
| cadr_unit                      |    47.289 |
|   busint                       |     1.320 |
|     disk                       |     0.943 |
|     io                         |     0.138 |
|     spy                        |    <0.001 |
|     tv                         |     0.227 |
|     unibus                     |     0.009 |
|   cpu                          |    37.161 |
|     cadr_actl                  |     0.017 |
|     cadr_aluc4                 |     0.004 |
|     cadr_amem01                |     0.504 |
|       i_AMEM                   |     0.504 |
|         xpm_memory_tdpram_inst |     0.455 |
|           xpm_memory_base_inst |     0.455 |
|     cadr_contrl                |     0.002 |
|     cadr_debug                 |     0.379 |
|     cadr_dram02                |     1.205 |
|       i_DRAM                   |     1.205 |
|         xpm_memory_tdpram_inst |     1.198 |
|           xpm_memory_base_inst |     1.198 |
|     cadr_dspctl                |     0.007 |
|       i_DMASK                  |     0.003 |
|     cadr_flag                  |     0.003 |
|     cadr_iram                  |    21.368 |
|       i_IRAM                   |    21.368 |
|         xpm_memory_spram_inst  |    21.368 |
|           xpm_memory_base_inst |    21.368 |
|     cadr_ireg                  |     6.604 |
|     cadr_iwr                   |     0.021 |
|     cadr_l                     |     0.043 |
|     cadr_lc                    |     0.063 |
|     cadr_lcc                   |     0.001 |
|     cadr_lpc                   |     0.003 |
|     cadr_md                    |     0.054 |
|     cadr_mlatch                |     0.499 |
|     cadr_mmem                  |     0.405 |
|       i_MMEM                   |     0.405 |
|         xpm_memory_tdpram_inst |     0.330 |
|           xpm_memory_base_inst |     0.330 |
|     cadr_mskg4                 |     2.480 |
|       i_MSKL                   |     1.218 |
|       i_MSKR                   |     1.262 |
|     cadr_npc                   |     1.552 |
|     cadr_olord1                |     0.055 |
|     cadr_olord2                |     0.009 |
|     cadr_opcs                  |     0.003 |
|     cadr_pdl01                 |     0.009 |
|       i_PDL                    |     0.009 |
|         xpm_memory_tdpram_inst |     0.009 |
|           xpm_memory_base_inst |     0.009 |
|     cadr_pdlctl                |    <0.001 |
|     cadr_pdlptr                |     0.039 |
|     cadr_prom01                |     1.561 |
|       i_PROM                   |     1.561 |
|     cadr_q                     |     0.016 |
|     cadr_spc                   |     0.025 |
|       i_SPC                    |     0.024 |
|         xpm_memory_tdpram_inst |     0.017 |
|           xpm_memory_base_inst |     0.017 |
|     cadr_vctl1                 |     0.003 |
|     cadr_vma                   |     0.155 |
|     cadr_vmas                  |     0.009 |
|     cadr_vmem0                 |     0.001 |
|       i_VMEM0                  |     0.001 |
|         xpm_memory_tdpram_inst |     0.001 |
|           xpm_memory_base_inst |     0.001 |
|     cadr_vmem12                |     0.028 |
|       i_VMEM1                  |     0.028 |
|         xpm_memory_tdpram_inst |     0.004 |
|           xpm_memory_base_inst |     0.004 |
|   mmc_bd                       |     0.832 |
|     mmc_wrapper                |     0.425 |
|       mmc                      |     0.086 |
|   ms_ps2_clk_IOBUF_inst        |     1.782 |
|   ps2_support                  |     0.269 |
|     keyboard                   |     0.076 |
|       ps2                      |     0.034 |
|       scancode_convert         |     0.041 |
|         scancode_rom           |     0.021 |
|     mouse                      |     0.176 |
|       ps2_in                   |     0.054 |
|       ps2_out                  |     0.114 |
|   rc                           |     2.201 |
|     vram                       |     1.998 |
|       xpm_memory_tdpram_inst   |     1.998 |
|         xpm_memory_base_inst   |     1.998 |
|   spy_port                     |     0.147 |
|     spy_uart                   |     0.084 |
|   support                      |     0.270 |
|   vga                          |     0.094 |
+--------------------------------+-----------+


